<?xml version="1.0" encoding="UTF-8"?>
<testsuite xmlns:xsi="http://www.w3.org/2001/XMLSchema-instance" xsi:noNamespaceSchemaLocation="https://maven.apache.org/surefire/maven-surefire-plugin/xsd/surefire-test-report.xsd" name="TestSuite" time="21.378" tests="3" errors="0" skipped="0" failures="2">
  <properties>
[...]
</properties>
  <testcase name="Tests1 on Tests1(Selleniun_start_projects.Selleniun_start_projects.AppTest)" classname="Selleniun_start_projects.Selleniun_start_projects.AppTest" time="9.296"/>
  <testcase name="Tests1 on Tests1(Selleniun_start_projects.Selleniun_start_projects.passwordTest)" classname="Selleniun_start_projects.Selleniun_start_projects.passwordTest" time="5.899">
    <failure message="expected:&lt;[Valid Value]&gt; but was:&lt;[]&gt;" type="org.junit.ComparisonFailure"><![CDATA[org.junit.ComparisonFailure: expected:<[Valid Value]> but was:<[]>
	at Selleniun_start_projects.Selleniun_start_projects.passwordTest.Tests1(passwordTest.java:35)
]]></failure>
    <system-err><![CDATA[console.error: ({})
1738415435505	geckodriver	INFO	Listening on 127.0.0.1:16431
1738415435537	mozrunner::runner	INFO	Running command: "C:\\Program Files\\Mozilla Firefox\\firefox.exe" "--marionette" "-no-remote" "-profile" "C:\\Users\\Shada\\AppData\\Local\\Temp\\rust_mozprofiletWXrq3"
console.warn: services.settings: Ignoring preference override of remote settings server
console.warn: services.settings: Allow by setting MOZ_REMOTE_SETTINGS_DEVTOOLS=1 in the environment
1738415436270	Marionette	INFO	Marionette enabled
Dynamically enable window occlusion 0
1738415436550	Marionette	INFO	Listening on port 60162
Read port: 60162
1738415436914	RemoteAgent	WARN	TLS certificate errors will be ignored for this session
Feb 01, 2025 3:10:40 PM org.openqa.selenium.remote.ProtocolHandshake createSession
INFO: Detected dialect: W3C
]]></system-err>
  </testcase>
  <testcase name="Tests2 on Tests2(Selleniun_start_projects.Selleniun_start_projects.passwordTest)" classname="Selleniun_start_projects.Selleniun_start_projects.passwordTest" time="4.842">
    <failure message="expected:&lt;[Invalid Value]&gt; but was:&lt;[]&gt;" type="org.junit.ComparisonFailure"><![CDATA[org.junit.ComparisonFailure: expected:<[Invalid Value]> but was:<[]>
	at Selleniun_start_projects.Selleniun_start_projects.passwordTest.Tests2(passwordTest.java:45)
]]></failure>
    <system-err><![CDATA[1738415441345	geckodriver	INFO	Listening on 127.0.0.1:30241
1738415441366	mozrunner::runner	INFO	Running command: "C:\\Program Files\\Mozilla Firefox\\firefox.exe" "--marionette" "-no-remote" "-profile" "C:\\Users\\Shada\\AppData\\Local\\Temp\\rust_mozprofile3n3fkb"
console.warn: services.settings: Ignoring preference override of remote settings server
console.warn: services.settings: Allow by setting MOZ_REMOTE_SETTINGS_DEVTOOLS=1 in the environment
1738415441807	Marionette	INFO	Marionette enabled
Dynamically enable window occlusion 0
1738415441969	Marionette	INFO	Listening on port 60192
Read port: 60192
1738415442133	RemoteAgent	WARN	TLS certificate errors will be ignored for this session
Feb 01, 2025 3:10:44 PM org.openqa.selenium.remote.ProtocolHandshake createSession
INFO: Detected dialect: W3C
]]></system-err>
  </testcase>
</testsuite>